\BOOKMARK [0][-]{chapter.1}{\376\377\000I\000n\000t\000o\000r\000d\000u\000c\000t\000i\000e}{}% 1
\BOOKMARK [1][-]{section.1.1}{\376\377\000S\000p\000e\000l\000b\000e\000s\000c\000h\000r\000i\000j\000v\000i\000n\000g}{chapter.1}% 2
\BOOKMARK [1][-]{section.1.2}{\376\377\000I\000m\000p\000l\000e\000m\000e\000n\000t\000a\000t\000i\000e}{chapter.1}% 3
\BOOKMARK [0][-]{chapter.2}{\376\377\000A\000D\000T\000s}{}% 4
\BOOKMARK [1][-]{section.2.1}{\376\377\000C\000o\000n\000t\000r\000o\000l\000l\000e\000r}{chapter.2}% 5
\BOOKMARK [2][-]{subsection.2.1.1}{\376\377\000G\000a\000m\000e\000\040\000A\000D\000T}{section.2.1}% 6
\BOOKMARK [1][-]{section.2.2}{\376\377\000M\000o\000d\000e\000l\000l\000e\000n}{chapter.2}% 7
\BOOKMARK [1][-]{section.2.3}{\376\377\000L\000e\000v\000e\000l\000\040\000A\000D\000T}{chapter.2}% 8
\BOOKMARK [1][-]{section.2.4}{\376\377\000M\000a\000z\000e\000\040\000A\000D\000T}{chapter.2}% 9
\BOOKMARK [1][-]{section.2.5}{\376\377\000P\000o\000s\000i\000t\000i\000o\000n\000\040\000A\000D\000T}{chapter.2}% 10
\BOOKMARK [1][-]{section.2.6}{\376\377\000E\000g\000g\000\040\000A\000D\000T}{chapter.2}% 11
\BOOKMARK [1][-]{section.2.7}{\376\377\000P\000l\000a\000y\000e\000r\000\040\000A\000D\000T}{chapter.2}% 12
\BOOKMARK [1][-]{section.2.8}{\376\377\000S\000c\000o\000r\000p\000i\000o\000n\000\040\000A\000D\000T}{chapter.2}% 13
\BOOKMARK [1][-]{section.2.9}{\376\377\000V\000i\000e\000w\000s}{chapter.2}% 14
\BOOKMARK [1][-]{section.2.10}{\376\377\000V\000i\000e\000w\000\040\000A\000D\000T}{chapter.2}% 15
\BOOKMARK [1][-]{section.2.11}{\376\377\000V\000i\000e\000w\000\137\000M\000a\000z\000e\000\040\000A\000D\000T}{chapter.2}% 16
\BOOKMARK [1][-]{section.2.12}{\376\377\000V\000i\000e\000w\000\137\000S\000c\000o\000r\000p\000i\000o\000n\000\040\000A\000D\000T}{chapter.2}% 17
\BOOKMARK [1][-]{section.2.13}{\376\377\000V\000i\000e\000w\000\137\000P\000l\000a\000y\000e\000r\000\040\000A\000D\000T}{chapter.2}% 18
\BOOKMARK [1][-]{section.2.14}{\376\377\000E\000g\000g\000s\000\040\000A\000D\000T}{chapter.2}% 19
\BOOKMARK [1][-]{section.2.15}{\376\377\000V\000i\000e\000w\000\137\000E\000g\000g\000s\000\040\000A\000D\000T}{chapter.2}% 20
\BOOKMARK [0][-]{chapter.3}{\376\377\000A\000f\000h\000a\000n\000k\000e\000l\000i\000j\000k\000h\000e\000i\000d\000s\000d\000i\000a\000g\000r\000a\000m}{}% 21
\BOOKMARK [0][-]{chapter.4}{\376\377\000P\000l\000a\000n\000n\000i\000n\000g}{}% 22
